<?xml version="1.0" encoding="UTF-8"?>
<testsuite name="com.example.myFirstSpringBootProject.MyFirstSpringBootProjectApplicationTests" tests="1" skipped="0" failures="0" errors="0" timestamp="2020-09-06T06:50:41" hostname="DESKTOP-58A9L5U" time="0.447">
  <properties/>
  <testcase name="contextLoads()" classname="com.example.myFirstSpringBootProject.MyFirstSpringBootProjectApplicationTests" time="0.447"/>
  <system-out><![CDATA[12:20:38.555 [Test worker] DEBUG org.springframework.test.context.BootstrapUtils - Instantiating CacheAwareContextLoaderDelegate from class [org.springframework.test.context.cache.DefaultCacheAwareContextLoaderDelegate]
12:20:38.579 [Test worker] DEBUG org.springframework.test.context.BootstrapUtils - Instantiating BootstrapContext using constructor [public org.springframework.test.context.support.DefaultBootstrapContext(java.lang.Class,org.springframework.test.context.CacheAwareContextLoaderDelegate)]
12:20:38.638 [Test worker] DEBUG org.springframework.test.context.BootstrapUtils - Instantiating TestContextBootstrapper for test class [com.example.myFirstSpringBootProject.MyFirstSpringBootProjectApplicationTests] from class [org.springframework.boot.test.context.SpringBootTestContextBootstrapper]
12:20:38.669 [Test worker] INFO org.springframework.boot.test.context.SpringBootTestContextBootstrapper - Neither @ContextConfiguration nor @ContextHierarchy found for test class [com.example.myFirstSpringBootProject.MyFirstSpringBootProjectApplicationTests], using SpringBootContextLoader
12:20:38.677 [Test worker] DEBUG org.springframework.test.context.support.AbstractContextLoader - Did not detect default resource location for test class [com.example.myFirstSpringBootProject.MyFirstSpringBootProjectApplicationTests]: class path resource [com/example/myFirstSpringBootProject/MyFirstSpringBootProjectApplicationTests-context.xml] does not exist
12:20:38.677 [Test worker] DEBUG org.springframework.test.context.support.AbstractContextLoader - Did not detect default resource location for test class [com.example.myFirstSpringBootProject.MyFirstSpringBootProjectApplicationTests]: class path resource [com/example/myFirstSpringBootProject/MyFirstSpringBootProjectApplicationTestsContext.groovy] does not exist
12:20:38.677 [Test worker] INFO org.springframework.test.context.support.AbstractContextLoader - Could not detect default resource locations for test class [com.example.myFirstSpringBootProject.MyFirstSpringBootProjectApplicationTests]: no resource found for suffixes {-context.xml, Context.groovy}.
12:20:38.679 [Test worker] INFO org.springframework.test.context.support.AnnotationConfigContextLoaderUtils - Could not detect default configuration classes for test class [com.example.myFirstSpringBootProject.MyFirstSpringBootProjectApplicationTests]: MyFirstSpringBootProjectApplicationTests does not declare any static, non-private, non-final, nested classes annotated with @Configuration.
12:20:38.766 [Test worker] DEBUG org.springframework.test.context.support.ActiveProfilesUtils - Could not find an 'annotation declaring class' for annotation type [org.springframework.test.context.ActiveProfiles] and class [com.example.myFirstSpringBootProject.MyFirstSpringBootProjectApplicationTests]
12:20:38.934 [Test worker] DEBUG org.springframework.context.annotation.ClassPathScanningCandidateComponentProvider - Identified candidate component class: file [C:\github\Family\build\classes\java\main\com\example\myFirstSpringBootProject\MyFirstSpringBootProjectApplication.class]
12:20:38.938 [Test worker] INFO org.springframework.boot.test.context.SpringBootTestContextBootstrapper - Found @SpringBootConfiguration com.example.myFirstSpringBootProject.MyFirstSpringBootProjectApplication for test class com.example.myFirstSpringBootProject.MyFirstSpringBootProjectApplicationTests
12:20:39.176 [Test worker] DEBUG org.springframework.boot.test.context.SpringBootTestContextBootstrapper - @TestExecutionListeners is not present for class [com.example.myFirstSpringBootProject.MyFirstSpringBootProjectApplicationTests]: using defaults.
12:20:39.177 [Test worker] INFO org.springframework.boot.test.context.SpringBootTestContextBootstrapper - Loaded default TestExecutionListener class names from location [META-INF/spring.factories]: [org.springframework.boot.test.autoconfigure.restdocs.RestDocsTestExecutionListener, org.springframework.boot.test.autoconfigure.web.client.MockRestServiceServerResetTestExecutionListener, org.springframework.boot.test.autoconfigure.web.servlet.MockMvcPrintOnlyOnFailureTestExecutionListener, org.springframework.boot.test.autoconfigure.web.servlet.WebDriverTestExecutionListener, org.springframework.boot.test.autoconfigure.webservices.client.MockWebServiceServerTestExecutionListener, org.springframework.boot.test.mock.mockito.MockitoTestExecutionListener, org.springframework.boot.test.mock.mockito.ResetMocksTestExecutionListener, org.springframework.test.context.web.ServletTestExecutionListener, org.springframework.test.context.support.DirtiesContextBeforeModesTestExecutionListener, org.springframework.test.context.support.DependencyInjectionTestExecutionListener, org.springframework.test.context.support.DirtiesContextTestExecutionListener, org.springframework.test.context.transaction.TransactionalTestExecutionListener, org.springframework.test.context.jdbc.SqlScriptsTestExecutionListener, org.springframework.test.context.event.EventPublishingTestExecutionListener]
12:20:39.194 [Test worker] DEBUG org.springframework.boot.test.context.SpringBootTestContextBootstrapper - Skipping candidate TestExecutionListener [org.springframework.test.context.transaction.TransactionalTestExecutionListener] due to a missing dependency. Specify custom listener classes or make the default listener classes and their required dependencies available. Offending class: [org/springframework/transaction/interceptor/TransactionAttributeSource]
12:20:39.204 [Test worker] DEBUG org.springframework.boot.test.context.SpringBootTestContextBootstrapper - Skipping candidate TestExecutionListener [org.springframework.test.context.jdbc.SqlScriptsTestExecutionListener] due to a missing dependency. Specify custom listener classes or make the default listener classes and their required dependencies available. Offending class: [org/springframework/transaction/interceptor/TransactionAttribute]
12:20:39.205 [Test worker] INFO org.springframework.boot.test.context.SpringBootTestContextBootstrapper - Using TestExecutionListeners: [org.springframework.test.context.web.ServletTestExecutionListener@321fb35e, org.springframework.test.context.support.DirtiesContextBeforeModesTestExecutionListener@6407aecc, org.springframework.boot.test.mock.mockito.MockitoTestExecutionListener@18783f06, org.springframework.boot.test.autoconfigure.SpringBootDependencyInjectionTestExecutionListener@324960b7, org.springframework.test.context.support.DirtiesContextTestExecutionListener@7d03a0e3, org.springframework.test.context.event.EventPublishingTestExecutionListener@24ab0041, org.springframework.boot.test.autoconfigure.restdocs.RestDocsTestExecutionListener@7d728bdd, org.springframework.boot.test.autoconfigure.web.client.MockRestServiceServerResetTestExecutionListener@447101c, org.springframework.boot.test.autoconfigure.web.servlet.MockMvcPrintOnlyOnFailureTestExecutionListener@64a3accf, org.springframework.boot.test.autoconfigure.web.servlet.WebDriverTestExecutionListener@18761112, org.springframework.boot.test.autoconfigure.webservices.client.MockWebServiceServerTestExecutionListener@71b34da2, org.springframework.boot.test.mock.mockito.ResetMocksTestExecutionListener@4d487478]
12:20:39.211 [Test worker] DEBUG org.springframework.test.context.support.AbstractDirtiesContextTestExecutionListener - Before test class: context [DefaultTestContext@2c3ab6ae testClass = MyFirstSpringBootProjectApplicationTests, testInstance = [null], testMethod = [null], testException = [null], mergedContextConfiguration = [WebMergedContextConfiguration@2a191262 testClass = MyFirstSpringBootProjectApplicationTests, locations = '{}', classes = '{class com.example.myFirstSpringBootProject.MyFirstSpringBootProjectApplication}', contextInitializerClasses = '[]', activeProfiles = '{}', propertySourceLocations = '{}', propertySourceProperties = '{org.springframework.boot.test.context.SpringBootTestContextBootstrapper=true}', contextCustomizers = set[org.springframework.boot.test.autoconfigure.properties.PropertyMappingContextCustomizer@0, org.springframework.boot.test.autoconfigure.web.servlet.WebDriverContextCustomizerFactory$Customizer@78e7fa59, org.springframework.boot.test.context.filter.ExcludeFilterContextCustomizer@78f424e8, org.springframework.boot.test.json.DuplicateJsonObjectContextCustomizerFactory$DuplicateJsonObjectContextCustomizer@63dd8aca, org.springframework.boot.test.mock.mockito.MockitoContextCustomizer@0, org.springframework.boot.test.web.client.TestRestTemplateContextCustomizer@7041d12b, org.springframework.boot.test.context.SpringBootTestArgs@1], resourceBasePath = 'src/main/webapp', contextLoader = 'org.springframework.boot.test.context.SpringBootContextLoader', parent = [null]], attributes = map['org.springframework.test.context.web.ServletTestExecutionListener.activateListener' -> true]], class annotated with @DirtiesContext [false] with mode [null].
12:20:39.252 [Test worker] DEBUG org.springframework.test.context.support.TestPropertySourceUtils - Adding inlined properties to environment: {spring.jmx.enabled=false, org.springframework.boot.test.context.SpringBootTestContextBootstrapper=true}

  .   ____          _            __ _ _
 /\\ / ___'_ __ _ _(_)_ __  __ _ \ \ \ \
( ( )\___ | '_ | '_| | '_ \/ _` | \ \ \ \
 \\/  ___)| |_)| | | | | || (_| |  ) ) ) )
  '  |____| .__|_| |_|_| |_\__, | / / / /
 =========|_|==============|___/=/_/_/_/
 :: Spring Boot ::        (v2.3.3.RELEASE)

2020-09-06 12:20:39.615  INFO 464 --- [    Test worker] MyFirstSpringBootProjectApplicationTests : Starting MyFirstSpringBootProjectApplicationTests on DESKTOP-58A9L5U with PID 464 (started by Asha in C:\github\Family)
2020-09-06 12:20:39.616  INFO 464 --- [    Test worker] MyFirstSpringBootProjectApplicationTests : No active profile set, falling back to default profiles: default
2020-09-06 12:20:41.211  INFO 464 --- [    Test worker] o.s.s.concurrent.ThreadPoolTaskExecutor  : Initializing ExecutorService 'applicationTaskExecutor'
2020-09-06 12:20:41.745  INFO 464 --- [    Test worker] MyFirstSpringBootProjectApplicationTests : Started MyFirstSpringBootProjectApplicationTests in 2.481 seconds (JVM running for 5.188)
]]></system-out>
  <system-err><![CDATA[]]></system-err>
</testsuite>
